<?xml version="1.0" encoding="UTF-8"?>
<!-- Generated by org.testng.reporters.JUnitXMLReporter -->
<testsuite hostname="SFL000984" ignored="0" name="Command line test" tests="6" failures="0" timestamp="18 Nov 2017 19:27:53 GMT" time="0.046" errors="0">
  <testcase name="connectionRequest" time="0.007" classname="com.mycompany.app.APITest"/>
  <testcase name="listeningToGet200" time="0.0" classname="com.mycompany.app.APITest"/>
  <testcase name="checkForCoolApps" time="0.001" classname="com.mycompany.app.AppiumTest"/>
  <testcase name="checkingAdnroid" time="0.0" classname="com.mycompany.app.AppiumTest"/>
  <testcase name="browserConfig" time="0.001" classname="com.mycompany.app.SeleniumTest"/>
  <testcase name="titleMatch" time="0.001" classname="com.mycompany.app.SeleniumTest"/>
</testsuite> <!-- Command line test -->
